<?xml version="1.0" encoding="UTF-8"?>
<testng-results ignored="0" total="1" passed="1" failed="0" skipped="0">
  <reporter-output>
  </reporter-output>
  <suite started-at="2022-11-15T17:21:31 PST" name="Selenium" finished-at="2022-11-15T17:21:51 PST" duration-ms="19249">
    <groups>
    </groups>
    <test started-at="2022-11-15T17:21:31 PST" name="login" finished-at="2022-11-15T17:21:51 PST" duration-ms="19249">
      <class name="com.training.tests.LoginTest">
        <test-method is-config="true" signature="beforemethod()[pri:0, instance:com.training.tests.LoginTest@3427b02d]" started-at="2022-11-15T17:21:31 PST" name="beforemethod" finished-at="2022-11-15T17:21:34 PST" duration-ms="2410" status="PASS">
          <reporter-output>
          </reporter-output>
        </test-method> <!-- beforemethod -->
        <test-method signature="loginValidUserName()[pri:0, instance:com.training.tests.LoginTest@3427b02d]" started-at="2022-11-15T17:21:34 PST" name="loginValidUserName" finished-at="2022-11-15T17:21:34 PST" duration-ms="339" status="PASS">
          <reporter-output>
          </reporter-output>
        </test-method> <!-- loginValidUserName -->
        <test-method is-config="true" signature="teardown()[pri:0, instance:com.training.tests.LoginTest@3427b02d]" started-at="2022-11-15T17:21:34 PST" name="teardown" finished-at="2022-11-15T17:21:51 PST" duration-ms="16464" status="PASS">
          <reporter-output>
          </reporter-output>
        </test-method> <!-- teardown -->
      </class> <!-- com.training.tests.LoginTest -->
    </test> <!-- login -->
  </suite> <!-- Selenium -->
</testng-results>
